<?xml version="1.0" encoding="UTF-8"?>
<testng-results ignored="0" total="1" passed="1" failed="0" skipped="0">
  <reporter-output>
  </reporter-output>
  <suite started-at="2022-04-02T00:45:50 IST" name="Default suite" finished-at="2022-04-02T00:46:32 IST" duration-ms="41885">
    <groups>
    </groups>
    <test started-at="2022-04-02T00:45:50 IST" name="Default test" finished-at="2022-04-02T00:46:32 IST" duration-ms="41885">
      <class name="com.hybridframework.testcases.LoginPageTC001">
        <test-method is-config="true" signature="setUp(java.lang.String,java.lang.String)[pri:0, instance:com.hybridframework.testcases.LoginPageTC001@3a44431a]" started-at="2022-04-02T00:45:50 IST" name="setUp" finished-at="2022-04-02T00:46:26 IST" duration-ms="35691" status="PASS">
          <params>
            <param index="0">
              <value>
                <![CDATA[Chrome]]>
              </value>
            </param>
            <param index="1">
              <value>
                <![CDATA[https://demo.guru99.com/v4/manager/addAccount.php]]>
              </value>
            </param>
          </params>
          <reporter-output>
          </reporter-output>
        </test-method> <!-- setUp -->
        <test-method signature="VerifyLoginFuctionality()[pri:0, instance:com.hybridframework.testcases.LoginPageTC001@3a44431a]" started-at="2022-04-02T00:46:26 IST" name="VerifyLoginFuctionality" finished-at="2022-04-02T00:46:31 IST" duration-ms="5301" status="PASS">
          <reporter-output>
          </reporter-output>
        </test-method> <!-- VerifyLoginFuctionality -->
        <test-method is-config="true" signature="tearDown()[pri:0, instance:com.hybridframework.testcases.LoginPageTC001@3a44431a]" started-at="2022-04-02T00:46:31 IST" name="tearDown" finished-at="2022-04-02T00:46:32 IST" duration-ms="784" status="PASS">
          <reporter-output>
          </reporter-output>
        </test-method> <!-- tearDown -->
      </class> <!-- com.hybridframework.testcases.LoginPageTC001 -->
    </test> <!-- Default test -->
  </suite> <!-- Default suite -->
</testng-results>
